> Task :compileJava
> Task :processResources UP-TO-DATE
> Task :classes
> Task :resolveMainClassName

> Task :bootRun

  .   ____          _            __ _ _
 /\\ / ___'_ __ _ _(_)_ __  __ _ \ \ \ \
( ( )\___ | '_ | '_| | '_ \/ _` | \ \ \ \
 \\/  ___)| |_)| | | | | || (_| |  ) ) ) )
  '  |____| .__|_| |_|_| |_\__, | / / / /
 =========|_|==============|___/=/_/_/_/

 :: Spring Boot ::                (v4.0.6)

2026-05-05T11:02:05.737+05:30  INFO 37124 --- [demo] [           main] com.example.demo.DemoApplication         : Starting DemoApplication using Java 21.0.9 with PID 37124 (C:\Users\msome\OneDrive\Desktop\theme11\backend\demo\build\classes\java\main started by msome in C:\Users\msome\OneDrive\Desktop\theme11\backend\demo)
2026-05-05T11:02:05.741+05:30  INFO 37124 --- [demo] [           main] com.example.demo.DemoApplication         : No active profile set, falling back to 1 default profile: "default"
2026-05-05T11:02:06.462+05:30  INFO 37124 --- [demo] [           main] .s.d.r.c.RepositoryConfigurationDelegate : Bootstrapping Spring Data JPA repositories in DEFAULT mode.
2026-05-05T11:02:06.600+05:30  INFO 37124 --- [demo] [           main] .s.d.r.c.RepositoryConfigurationDelegate : Finished Spring Data repository scanning in 129 ms. Found 2 JPA repository interfaces.
2026-05-05T11:02:07.248+05:30  INFO 37124 --- [demo] [           main] o.s.boot.tomcat.TomcatWebServer          : Tomcat initialized with port 8083 (http)
2026-05-05T11:02:07.273+05:30  INFO 37124 --- [demo] [           main] o.apache.catalina.core.StandardService   : Starting service [Tomcat]
2026-05-05T11:02:07.274+05:30  INFO 37124 --- [demo] [           main] o.apache.catalina.core.StandardEngine    : Starting Servlet engine: [Apache Tomcat/11.0.21]
2026-05-05T11:02:07.371+05:30  INFO 37124 --- [demo] [           main] b.w.c.s.WebApplicationContextInitializer : Root WebApplicationContext: initialization completed in 1565 ms
2026-05-05T11:02:07.615+05:30  INFO 37124 --- [demo] [           main] org.hibernate.orm.jpa                    : HHH008540: Processing PersistenceUnitInfo [name: default]
2026-05-05T11:02:07.702+05:30  INFO 37124 --- [demo] [           main] org.hibernate.orm.core                   : HHH000001: Hibernate ORM core version 7.2.12.Final
2026-05-05T11:02:08.361+05:30  INFO 37124 --- [demo] [           main] o.s.o.j.p.SpringPersistenceUnitInfo      : No LoadTimeWeaver setup: ignoring JPA class transformer
2026-05-05T11:02:08.414+05:30  INFO 37124 --- [demo] [           main] com.zaxxer.hikari.HikariDataSource       : HikariPool-1 - Starting...
2026-05-05T11:02:08.660+05:30  INFO 37124 --- [demo] [           main] com.zaxxer.hikari.pool.HikariPool        : HikariPool-1 - Added connection org.postgresql.jdbc.PgConnection@43756cb
2026-05-05T11:02:08.664+05:30  INFO 37124 --- [demo] [           main] com.zaxxer.hikari.HikariDataSource       : HikariPool-1 - Start completed.
2026-05-05T11:02:08.798+05:30  INFO 37124 --- [demo] [           main] org.hibernate.orm.connections.pooling    : HHH10001005: Database info:
	Database JDBC URL [jdbc:postgresql://localhost:5445/theme11]
	Database driver: PostgreSQL JDBC Driver
	Database dialect: PostgreSQLDialect
	Database version: 18.3
	Default catalog/schema: theme11/public
	Autocommit mode: undefined/unknown
	Isolation level: READ_COMMITTED [default READ_COMMITTED]
	JDBC fetch size: none
	Pool: DataSourceConnectionProvider
	Minimum pool size: undefined/unknown
	Maximum pool size: undefined/unknown
2026-05-05T11:02:10.229+05:30  INFO 37124 --- [demo] [           main] org.hibernate.orm.core                   : HHH000489: No JTA platform available (set 'hibernate.transaction.jta.platform' to enable JTA platform integration)
2026-05-05T11:02:10.324+05:30  INFO 37124 --- [demo] [           main] j.LocalContainerEntityManagerFactoryBean : Initialized JPA EntityManagerFactory for persistence unit 'default'
2026-05-05T11:02:10.684+05:30  INFO 37124 --- [demo] [           main] o.s.d.j.r.query.QueryEnhancerFactories   : Hibernate is in classpath; If applicable, HQL parser will be used.
2026-05-05T11:02:10.984+05:30  WARN 37124 --- [demo] [           main] JpaBaseConfiguration$JpaWebConfiguration : spring.jpa.open-in-view is enabled by default. Therefore, database queries may be performed during view rendering. Explicitly configure spring.jpa.open-in-view to disable this warning
2026-05-05T11:02:11.458+05:30  INFO 37124 --- [demo] [           main] o.s.boot.tomcat.TomcatWebServer          : Tomcat started on port 8083 (http) with context path '/'
2026-05-05T11:02:11.467+05:30  INFO 37124 --- [demo] [           main] com.example.demo.DemoApplication         : Started DemoApplication in 6.205 seconds (process running for 6.793)
2026-05-05T11:02:41.822+05:30  INFO 37124 --- [demo] [nio-8083-exec-2] o.a.c.c.C.[Tomcat].[localhost].[/]       : Initializing Spring DispatcherServlet 'dispatcherServlet'
2026-05-05T11:02:41.822+05:30  INFO 37124 --- [demo] [nio-8083-exec-2] o.s.web.servlet.DispatcherServlet        : Initializing Servlet 'dispatcherServlet'
2026-05-05T11:02:41.824+05:30  INFO 37124 --- [demo] [nio-8083-exec-2] o.s.web.servlet.DispatcherServlet        : Completed initialization in 2 ms
Hibernate: insert into cases (case_number,pdf_path,status) values (?,?,?)
Hibernate: insert into cases (case_number,pdf_path,status) values (?,?,?)
Hibernate: select c1_0.id,c1_0.case_number,c1_0.pdf_path,c1_0.status from cases c1_0

> Task :bootRun FAILED
4 actionable tasks: 3 executed, 1 up-to-date
